[INFO  - 2023-12-12T20:14:41.505Z] GhostDriver - Main - running on port 42835
[INFO  - 2023-12-12T20:14:42.484Z] Session [15e114e0-992b-11ee-85cb-1dfb1b20a95a] - page.settings - {"XSSAuditingEnabled":false,"javascriptCanCloseWindows":true,"javascriptCanOpenWindows":true,"javascriptEnabled":true,"loadImages":true,"localToRemoteUrlAccessEnabled":false,"userAgent":"Mozilla/5.0 (Unknown; Linux x86_64) AppleWebKit/534.34 (KHTML, like Gecko) PhantomJS/1.9.7 Safari/534.34","webSecurityEnabled":true}
[INFO  - 2023-12-12T20:14:42.484Z] Session [15e114e0-992b-11ee-85cb-1dfb1b20a95a] - page.customHeaders:  - {}
[INFO  - 2023-12-12T20:14:42.484Z] Session [15e114e0-992b-11ee-85cb-1dfb1b20a95a] - Session.negotiatedCapabilities - {"browserName":"phantomjs","version":"1.9.7","driverName":"ghostdriver","driverVersion":"1.1.0","platform":"linux-unknown-64bit","javascriptEnabled":true,"takesScreenshot":true,"handlesAlerts":false,"databaseEnabled":false,"locationContextEnabled":false,"applicationCacheEnabled":false,"browserConnectionEnabled":false,"cssSelectorsEnabled":true,"webStorageEnabled":false,"rotatable":false,"acceptSslCerts":false,"nativeEvents":true,"proxy":{"proxyType":"direct"}}
[INFO  - 2023-12-12T20:14:42.484Z] SessionManagerReqHand - _postNewSessionCommand - New Session Created: 15e114e0-992b-11ee-85cb-1dfb1b20a95a
[ERROR - 2023-12-12T20:14:44.691Z] WebElementLocator - _handleLocateCommand - Element(s) NOT Found: GAVE UP. Search Stop Time: 1702412084632
[ERROR - 2023-12-12T20:14:47.280Z] WebElementLocator - _handleLocateCommand - Element(s) NOT Found: GAVE UP. Search Stop Time: 1702412087233
[ERROR - 2023-12-12T20:14:49.876Z] WebElementLocator - _handleLocateCommand - Element(s) NOT Found: GAVE UP. Search Stop Time: 1702412089818
[ERROR - 2023-12-12T20:14:52.414Z] WebElementLocator - _handleLocateCommand - Element(s) NOT Found: GAVE UP. Search Stop Time: 1702412092413
[INFO  - 2023-12-12T20:14:53.005Z] GhostDriver - Main - running on port 59615
[INFO  - 2023-12-12T20:14:53.971Z] Session [1cb9dbd0-992b-11ee-bf29-9b22c265bd44] - page.settings - {"XSSAuditingEnabled":false,"javascriptCanCloseWindows":true,"javascriptCanOpenWindows":true,"javascriptEnabled":true,"loadImages":true,"localToRemoteUrlAccessEnabled":false,"userAgent":"Mozilla/5.0 (Unknown; Linux x86_64) AppleWebKit/534.34 (KHTML, like Gecko) PhantomJS/1.9.7 Safari/534.34","webSecurityEnabled":true}
[INFO  - 2023-12-12T20:14:53.971Z] Session [1cb9dbd0-992b-11ee-bf29-9b22c265bd44] - page.customHeaders:  - {}
[INFO  - 2023-12-12T20:14:53.971Z] Session [1cb9dbd0-992b-11ee-bf29-9b22c265bd44] - Session.negotiatedCapabilities - {"browserName":"phantomjs","version":"1.9.7","driverName":"ghostdriver","driverVersion":"1.1.0","platform":"linux-unknown-64bit","javascriptEnabled":true,"takesScreenshot":true,"handlesAlerts":false,"databaseEnabled":false,"locationContextEnabled":false,"applicationCacheEnabled":false,"browserConnectionEnabled":false,"cssSelectorsEnabled":true,"webStorageEnabled":false,"rotatable":false,"acceptSslCerts":false,"nativeEvents":true,"proxy":{"proxyType":"direct"}}
[INFO  - 2023-12-12T20:14:53.971Z] SessionManagerReqHand - _postNewSessionCommand - New Session Created: 1cb9dbd0-992b-11ee-bf29-9b22c265bd44
[ERROR - 2023-12-12T20:14:56.140Z] WebElementLocator - _handleLocateCommand - Element(s) NOT Found: GAVE UP. Search Stop Time: 1702412096121
[ERROR - 2023-12-12T20:14:58.734Z] WebElementLocator - _handleLocateCommand - Element(s) NOT Found: GAVE UP. Search Stop Time: 1702412098679
[ERROR - 2023-12-12T20:15:01.331Z] WebElementLocator - _handleLocateCommand - Element(s) NOT Found: GAVE UP. Search Stop Time: 1702412101271
[ERROR - 2023-12-12T20:15:03.910Z] WebElementLocator - _handleLocateCommand - Element(s) NOT Found: GAVE UP. Search Stop Time: 1702412103867
[INFO  - 2023-12-12T20:15:04.498Z] GhostDriver - Main - running on port 49923
[INFO  - 2023-12-12T20:15:05.465Z] Session [2393db40-992b-11ee-a165-1dd91f8eff0f] - page.settings - {"XSSAuditingEnabled":false,"javascriptCanCloseWindows":true,"javascriptCanOpenWindows":true,"javascriptEnabled":true,"loadImages":true,"localToRemoteUrlAccessEnabled":false,"userAgent":"Mozilla/5.0 (Unknown; Linux x86_64) AppleWebKit/534.34 (KHTML, like Gecko) PhantomJS/1.9.7 Safari/534.34","webSecurityEnabled":true}
[INFO  - 2023-12-12T20:15:05.466Z] Session [2393db40-992b-11ee-a165-1dd91f8eff0f] - page.customHeaders:  - {}
[INFO  - 2023-12-12T20:15:05.466Z] Session [2393db40-992b-11ee-a165-1dd91f8eff0f] - Session.negotiatedCapabilities - {"browserName":"phantomjs","version":"1.9.7","driverName":"ghostdriver","driverVersion":"1.1.0","platform":"linux-unknown-64bit","javascriptEnabled":true,"takesScreenshot":true,"handlesAlerts":false,"databaseEnabled":false,"locationContextEnabled":false,"applicationCacheEnabled":false,"browserConnectionEnabled":false,"cssSelectorsEnabled":true,"webStorageEnabled":false,"rotatable":false,"acceptSslCerts":false,"nativeEvents":true,"proxy":{"proxyType":"direct"}}
[INFO  - 2023-12-12T20:15:05.466Z] SessionManagerReqHand - _postNewSessionCommand - New Session Created: 2393db40-992b-11ee-a165-1dd91f8eff0f
[ERROR - 2023-12-12T20:15:07.648Z] WebElementLocator - _handleLocateCommand - Element(s) NOT Found: GAVE UP. Search Stop Time: 1702412107619
[ERROR - 2023-12-12T20:15:10.239Z] WebElementLocator - _handleLocateCommand - Element(s) NOT Found: GAVE UP. Search Stop Time: 1702412110185
[ERROR - 2023-12-12T20:15:12.798Z] WebElementLocator - _handleLocateCommand - Element(s) NOT Found: GAVE UP. Search Stop Time: 1702412112776
[ERROR - 2023-12-12T20:15:15.383Z] WebElementLocator - _handleLocateCommand - Element(s) NOT Found: GAVE UP. Search Stop Time: 1702412115333
[INFO  - 2023-12-12T20:15:15.975Z] GhostDriver - Main - running on port 41615
[INFO  - 2023-12-12T20:15:16.939Z] Session [2a6aa660-992b-11ee-b81b-b1a80c80d45c] - page.settings - {"XSSAuditingEnabled":false,"javascriptCanCloseWindows":true,"javascriptCanOpenWindows":true,"javascriptEnabled":true,"loadImages":true,"localToRemoteUrlAccessEnabled":false,"userAgent":"Mozilla/5.0 (Unknown; Linux x86_64) AppleWebKit/534.34 (KHTML, like Gecko) PhantomJS/1.9.7 Safari/534.34","webSecurityEnabled":true}
[INFO  - 2023-12-12T20:15:16.939Z] Session [2a6aa660-992b-11ee-b81b-b1a80c80d45c] - page.customHeaders:  - {}
[INFO  - 2023-12-12T20:15:16.939Z] Session [2a6aa660-992b-11ee-b81b-b1a80c80d45c] - Session.negotiatedCapabilities - {"browserName":"phantomjs","version":"1.9.7","driverName":"ghostdriver","driverVersion":"1.1.0","platform":"linux-unknown-64bit","javascriptEnabled":true,"takesScreenshot":true,"handlesAlerts":false,"databaseEnabled":false,"locationContextEnabled":false,"applicationCacheEnabled":false,"browserConnectionEnabled":false,"cssSelectorsEnabled":true,"webStorageEnabled":false,"rotatable":false,"acceptSslCerts":false,"nativeEvents":true,"proxy":{"proxyType":"direct"}}
[INFO  - 2023-12-12T20:15:16.939Z] SessionManagerReqHand - _postNewSessionCommand - New Session Created: 2a6aa660-992b-11ee-b81b-b1a80c80d45c
[ERROR - 2023-12-12T20:15:19.115Z] WebElementLocator - _handleLocateCommand - Element(s) NOT Found: GAVE UP. Search Stop Time: 1702412119074
[ERROR - 2023-12-12T20:15:21.707Z] WebElementLocator - _handleLocateCommand - Element(s) NOT Found: GAVE UP. Search Stop Time: 1702412121650
[ERROR - 2023-12-12T20:15:24.280Z] WebElementLocator - _handleLocateCommand - Element(s) NOT Found: GAVE UP. Search Stop Time: 1702412124245
[ERROR - 2023-12-12T20:15:26.868Z] WebElementLocator - _handleLocateCommand - Element(s) NOT Found: GAVE UP. Search Stop Time: 1702412126815
[INFO  - 2023-12-12T20:15:27.460Z] GhostDriver - Main - running on port 36675
[INFO  - 2023-12-12T20:15:28.426Z] Session [31436d50-992b-11ee-b60b-0db8e0664017] - page.settings - {"XSSAuditingEnabled":false,"javascriptCanCloseWindows":true,"javascriptCanOpenWindows":true,"javascriptEnabled":true,"loadImages":true,"localToRemoteUrlAccessEnabled":false,"userAgent":"Mozilla/5.0 (Unknown; Linux x86_64) AppleWebKit/534.34 (KHTML, like Gecko) PhantomJS/1.9.7 Safari/534.34","webSecurityEnabled":true}
[INFO  - 2023-12-12T20:15:28.426Z] Session [31436d50-992b-11ee-b60b-0db8e0664017] - page.customHeaders:  - {}
[INFO  - 2023-12-12T20:15:28.426Z] Session [31436d50-992b-11ee-b60b-0db8e0664017] - Session.negotiatedCapabilities - {"browserName":"phantomjs","version":"1.9.7","driverName":"ghostdriver","driverVersion":"1.1.0","platform":"linux-unknown-64bit","javascriptEnabled":true,"takesScreenshot":true,"handlesAlerts":false,"databaseEnabled":false,"locationContextEnabled":false,"applicationCacheEnabled":false,"browserConnectionEnabled":false,"cssSelectorsEnabled":true,"webStorageEnabled":false,"rotatable":false,"acceptSslCerts":false,"nativeEvents":true,"proxy":{"proxyType":"direct"}}
[INFO  - 2023-12-12T20:15:28.426Z] SessionManagerReqHand - _postNewSessionCommand - New Session Created: 31436d50-992b-11ee-b60b-0db8e0664017
[ERROR - 2023-12-12T20:15:30.618Z] WebElementLocator - _handleLocateCommand - Element(s) NOT Found: GAVE UP. Search Stop Time: 1702412130557
[ERROR - 2023-12-12T20:15:33.203Z] WebElementLocator - _handleLocateCommand - Element(s) NOT Found: GAVE UP. Search Stop Time: 1702412133154
[ERROR - 2023-12-12T20:15:35.759Z] WebElementLocator - _handleLocateCommand - Element(s) NOT Found: GAVE UP. Search Stop Time: 1702412135741
[ERROR - 2023-12-12T20:15:38.312Z] WebElementLocator - _handleLocateCommand - Element(s) NOT Found: GAVE UP. Search Stop Time: 1702412138293
[INFO  - 2023-12-12T20:15:38.906Z] GhostDriver - Main - running on port 40689
[INFO  - 2023-12-12T20:15:39.869Z] Session [38157d80-992b-11ee-af6d-1d6832b14881] - page.settings - {"XSSAuditingEnabled":false,"javascriptCanCloseWindows":true,"javascriptCanOpenWindows":true,"javascriptEnabled":true,"loadImages":true,"localToRemoteUrlAccessEnabled":false,"userAgent":"Mozilla/5.0 (Unknown; Linux x86_64) AppleWebKit/534.34 (KHTML, like Gecko) PhantomJS/1.9.7 Safari/534.34","webSecurityEnabled":true}
[INFO  - 2023-12-12T20:15:39.869Z] Session [38157d80-992b-11ee-af6d-1d6832b14881] - page.customHeaders:  - {}
[INFO  - 2023-12-12T20:15:39.869Z] Session [38157d80-992b-11ee-af6d-1d6832b14881] - Session.negotiatedCapabilities - {"browserName":"phantomjs","version":"1.9.7","driverName":"ghostdriver","driverVersion":"1.1.0","platform":"linux-unknown-64bit","javascriptEnabled":true,"takesScreenshot":true,"handlesAlerts":false,"databaseEnabled":false,"locationContextEnabled":false,"applicationCacheEnabled":false,"browserConnectionEnabled":false,"cssSelectorsEnabled":true,"webStorageEnabled":false,"rotatable":false,"acceptSslCerts":false,"nativeEvents":true,"proxy":{"proxyType":"direct"}}
[INFO  - 2023-12-12T20:15:39.869Z] SessionManagerReqHand - _postNewSessionCommand - New Session Created: 38157d80-992b-11ee-af6d-1d6832b14881
[INFO  - 2023-12-12T20:15:41.504Z] GhostDriver - Main - running on port 59623
[INFO  - 2023-12-12T20:15:42.478Z] Session [39a39790-992b-11ee-977c-2f302fb6cc8a] - page.settings - {"XSSAuditingEnabled":false,"javascriptCanCloseWindows":true,"javascriptCanOpenWindows":true,"javascriptEnabled":true,"loadImages":true,"localToRemoteUrlAccessEnabled":false,"userAgent":"Mozilla/5.0 (Unknown; Linux x86_64) AppleWebKit/534.34 (KHTML, like Gecko) PhantomJS/1.9.7 Safari/534.34","webSecurityEnabled":true}
[INFO  - 2023-12-12T20:15:42.479Z] Session [39a39790-992b-11ee-977c-2f302fb6cc8a] - page.customHeaders:  - {}
[INFO  - 2023-12-12T20:15:42.479Z] Session [39a39790-992b-11ee-977c-2f302fb6cc8a] - Session.negotiatedCapabilities - {"browserName":"phantomjs","version":"1.9.7","driverName":"ghostdriver","driverVersion":"1.1.0","platform":"linux-unknown-64bit","javascriptEnabled":true,"takesScreenshot":true,"handlesAlerts":false,"databaseEnabled":false,"locationContextEnabled":false,"applicationCacheEnabled":false,"browserConnectionEnabled":false,"cssSelectorsEnabled":true,"webStorageEnabled":false,"rotatable":false,"acceptSslCerts":false,"nativeEvents":true,"proxy":{"proxyType":"direct"}}
[INFO  - 2023-12-12T20:15:42.479Z] SessionManagerReqHand - _postNewSessionCommand - New Session Created: 39a39790-992b-11ee-977c-2f302fb6cc8a
[ERROR - 2023-12-12T20:15:44.631Z] WebElementLocator - _handleLocateCommand - Element(s) NOT Found: GAVE UP. Search Stop Time: 1702412144609
[ERROR - 2023-12-12T20:15:47.213Z] WebElementLocator - _handleLocateCommand - Element(s) NOT Found: GAVE UP. Search Stop Time: 1702412147169
[ERROR - 2023-12-12T20:15:49.799Z] WebElementLocator - _handleLocateCommand - Element(s) NOT Found: GAVE UP. Search Stop Time: 1702412149750
[ERROR - 2023-12-12T20:15:52.388Z] WebElementLocator - _handleLocateCommand - Element(s) NOT Found: GAVE UP. Search Stop Time: 1702412152338
[INFO  - 2023-12-12T20:15:52.982Z] GhostDriver - Main - running on port 54411
[INFO  - 2023-12-12T20:15:53.947Z] Session [4079c670-992b-11ee-b389-71e97e7f4bd0] - page.settings - {"XSSAuditingEnabled":false,"javascriptCanCloseWindows":true,"javascriptCanOpenWindows":true,"javascriptEnabled":true,"loadImages":true,"localToRemoteUrlAccessEnabled":false,"userAgent":"Mozilla/5.0 (Unknown; Linux x86_64) AppleWebKit/534.34 (KHTML, like Gecko) PhantomJS/1.9.7 Safari/534.34","webSecurityEnabled":true}
[INFO  - 2023-12-12T20:15:53.947Z] Session [4079c670-992b-11ee-b389-71e97e7f4bd0] - page.customHeaders:  - {}
[INFO  - 2023-12-12T20:15:53.948Z] Session [4079c670-992b-11ee-b389-71e97e7f4bd0] - Session.negotiatedCapabilities - {"browserName":"phantomjs","version":"1.9.7","driverName":"ghostdriver","driverVersion":"1.1.0","platform":"linux-unknown-64bit","javascriptEnabled":true,"takesScreenshot":true,"handlesAlerts":false,"databaseEnabled":false,"locationContextEnabled":false,"applicationCacheEnabled":false,"browserConnectionEnabled":false,"cssSelectorsEnabled":true,"webStorageEnabled":false,"rotatable":false,"acceptSslCerts":false,"nativeEvents":true,"proxy":{"proxyType":"direct"}}
[INFO  - 2023-12-12T20:15:53.948Z] SessionManagerReqHand - _postNewSessionCommand - New Session Created: 4079c670-992b-11ee-b389-71e97e7f4bd0
[ERROR - 2023-12-12T20:15:56.139Z] WebElementLocator - _handleLocateCommand - Element(s) NOT Found: GAVE UP. Search Stop Time: 1702412156079
